[0.016s] Invoking command in '/home/manuel/ws_moveit/build/ensamble_description': CMAKE_PREFIX_PATH=${CMAKE_PREFIX_PATH}:/home/manuel/ws_moveit/src/install/my_bridge:/home/manuel/install/my_bridge:/opt/ros/jazzy /usr/bin/cmake --build /home/manuel/ws_moveit/build/ensamble_description -- -j8 -l8
[0.095s] Invoked command in '/home/manuel/ws_moveit/build/ensamble_description' returned '0': CMAKE_PREFIX_PATH=${CMAKE_PREFIX_PATH}:/home/manuel/ws_moveit/src/install/my_bridge:/home/manuel/install/my_bridge:/opt/ros/jazzy /usr/bin/cmake --build /home/manuel/ws_moveit/build/ensamble_description -- -j8 -l8
[0.116s] Invoking command in '/home/manuel/ws_moveit/build/ensamble_description': CMAKE_PREFIX_PATH=${CMAKE_PREFIX_PATH}:/home/manuel/ws_moveit/src/install/my_bridge:/home/manuel/install/my_bridge:/opt/ros/jazzy /usr/bin/cmake --install /home/manuel/ws_moveit/build/ensamble_description
[0.128s] -- Install configuration: ""
[0.128s] -- Up-to-date: /home/manuel/ws_moveit/install/ensamble_description/share/ensamble_description/meshes
[0.128s] -- Up-to-date: /home/manuel/ws_moveit/install/ensamble_description/share/ensamble_description/meshes/grip_1.stl
[0.129s] -- Up-to-date: /home/manuel/ws_moveit/install/ensamble_description/share/ensamble_description/meshes/joint_2_1.stl
[0.129s] -- Up-to-date: /home/manuel/ws_moveit/install/ensamble_description/share/ensamble_description/meshes/joint_3_1.stl
[0.129s] -- Up-to-date: /home/manuel/ws_moveit/install/ensamble_description/share/ensamble_description/meshes/grip_2_1.stl
[0.129s] -- Up-to-date: /home/manuel/ws_moveit/install/ensamble_description/share/ensamble_description/meshes/grip_1_1.stl
[0.129s] -- Up-to-date: /home/manuel/ws_moveit/install/ensamble_description/share/ensamble_description/meshes/joint_4_1.stl
[0.130s] -- Up-to-date: /home/manuel/ws_moveit/install/ensamble_description/share/ensamble_description/meshes/base_link.stl
[0.130s] -- Up-to-date: /home/manuel/ws_moveit/install/ensamble_description/share/ensamble_description/urdf
[0.130s] -- Up-to-date: /home/manuel/ws_moveit/install/ensamble_description/share/ensamble_description/urdf/ensamble.gazebo
[0.130s] -- Installing: /home/manuel/ws_moveit/install/ensamble_description/share/ensamble_description/urdf/ensamble.xacro
[0.130s] -- Up-to-date: /home/manuel/ws_moveit/install/ensamble_description/share/ensamble_description/urdf/materials.xacro
[0.131s] -- Up-to-date: /home/manuel/ws_moveit/install/ensamble_description/share/ensamble_description/urdf/ensamble.trans
[0.131s] -- Up-to-date: /home/manuel/ws_moveit/install/ensamble_description/share/ensamble_description/launch
[0.131s] -- Up-to-date: /home/manuel/ws_moveit/install/ensamble_description/share/ensamble_description/launch/display.launch.py
[0.131s] -- Up-to-date: /home/manuel/ws_moveit/install/ensamble_description/share/ensamble_description/launch/gazebo.launch
[0.132s] -- Up-to-date: /home/manuel/ws_moveit/install/ensamble_description/share/ensamble_description/launch/controller.yaml
[0.133s] -- Up-to-date: /home/manuel/ws_moveit/install/ensamble_description/share/ensamble_description/launch/controller.launch
[0.133s] -- Up-to-date: /home/manuel/ws_moveit/install/ensamble_description/share/ensamble_description/launch/urdf.rviz
[0.133s] -- Up-to-date: /home/manuel/ws_moveit/install/ensamble_description/share/ensamble_description/config
[0.134s] -- Up-to-date: /home/manuel/ws_moveit/install/ensamble_description/share/ament_index/resource_index/package_run_dependencies/ensamble_description
[0.134s] -- Up-to-date: /home/manuel/ws_moveit/install/ensamble_description/share/ament_index/resource_index/parent_prefix_path/ensamble_description
[0.135s] -- Up-to-date: /home/manuel/ws_moveit/install/ensamble_description/share/ensamble_description/environment/ament_prefix_path.sh
[0.135s] -- Up-to-date: /home/manuel/ws_moveit/install/ensamble_description/share/ensamble_description/environment/ament_prefix_path.dsv
[0.135s] -- Up-to-date: /home/manuel/ws_moveit/install/ensamble_description/share/ensamble_description/environment/path.sh
[0.136s] -- Up-to-date: /home/manuel/ws_moveit/install/ensamble_description/share/ensamble_description/environment/path.dsv
[0.136s] -- Up-to-date: /home/manuel/ws_moveit/install/ensamble_description/share/ensamble_description/local_setup.bash
[0.136s] -- Up-to-date: /home/manuel/ws_moveit/install/ensamble_description/share/ensamble_description/local_setup.sh
[0.136s] -- Up-to-date: /home/manuel/ws_moveit/install/ensamble_description/share/ensamble_description/local_setup.zsh
[0.137s] -- Up-to-date: /home/manuel/ws_moveit/install/ensamble_description/share/ensamble_description/local_setup.dsv
[0.137s] -- Installing: /home/manuel/ws_moveit/install/ensamble_description/share/ensamble_description/package.dsv
[0.137s] -- Up-to-date: /home/manuel/ws_moveit/install/ensamble_description/share/ament_index/resource_index/packages/ensamble_description
[0.137s] -- Up-to-date: /home/manuel/ws_moveit/install/ensamble_description/share/ensamble_description/cmake/ensamble_descriptionConfig.cmake
[0.138s] -- Up-to-date: /home/manuel/ws_moveit/install/ensamble_description/share/ensamble_description/cmake/ensamble_descriptionConfig-version.cmake
[0.138s] -- Up-to-date: /home/manuel/ws_moveit/install/ensamble_description/share/ensamble_description/package.xml
[0.139s] Invoked command in '/home/manuel/ws_moveit/build/ensamble_description' returned '0': CMAKE_PREFIX_PATH=${CMAKE_PREFIX_PATH}:/home/manuel/ws_moveit/src/install/my_bridge:/home/manuel/install/my_bridge:/opt/ros/jazzy /usr/bin/cmake --install /home/manuel/ws_moveit/build/ensamble_description
