[1.346s] Invoking command in '/home/manuel/ws_moveit/src/my_bridge': PYTHONPATH=/home/manuel/ws_moveit/src/build/my_bridge/prefix_override:/usr/lib/python3/dist-packages/colcon_core/task/python/colcon_distutils_commands:/home/manuel/ws_moveit/src/install/my_bridge/lib/python3.12/site-packages:${PYTHONPATH} /usr/bin/python3 -W ignore:setup.py install is deprecated -W ignore:easy_install command is deprecated setup.py egg_info --egg-base ../build/my_bridge build --build-base /home/manuel/ws_moveit/src/build/my_bridge/build install --record /home/manuel/ws_moveit/src/build/my_bridge/install.log --single-version-externally-managed install_data
[1.788s] running egg_info
[1.827s] writing ../build/my_bridge/my_bridge.egg-info/PKG-INFO
[1.827s] writing dependency_links to ../build/my_bridge/my_bridge.egg-info/dependency_links.txt
[1.828s] writing entry points to ../build/my_bridge/my_bridge.egg-info/entry_points.txt
[1.828s] writing requirements to ../build/my_bridge/my_bridge.egg-info/requires.txt
[1.828s] writing top-level names to ../build/my_bridge/my_bridge.egg-info/top_level.txt
[1.906s] reading manifest file '../build/my_bridge/my_bridge.egg-info/SOURCES.txt'
[1.907s] writing manifest file '../build/my_bridge/my_bridge.egg-info/SOURCES.txt'
[1.908s] running build
[1.908s] running build_py
[1.908s] running install
[1.916s] running install_lib
[1.956s] running install_data
[1.956s] running install_egg_info
[1.996s] removing '/home/manuel/ws_moveit/src/install/my_bridge/lib/python3.12/site-packages/my_bridge-0.0.0-py3.12.egg-info' (and everything under it)
[1.997s] Copying ../build/my_bridge/my_bridge.egg-info to /home/manuel/ws_moveit/src/install/my_bridge/lib/python3.12/site-packages/my_bridge-0.0.0-py3.12.egg-info
[1.998s] running install_scripts
[2.237s] Installing joint_states_to_delta_int script to /home/manuel/ws_moveit/src/install/my_bridge/lib/my_bridge
[2.237s] writing list of installed files to '/home/manuel/ws_moveit/src/build/my_bridge/install.log'
[2.288s] Invoked command in '/home/manuel/ws_moveit/src/my_bridge' returned '0': PYTHONPATH=/home/manuel/ws_moveit/src/build/my_bridge/prefix_override:/usr/lib/python3/dist-packages/colcon_core/task/python/colcon_distutils_commands:/home/manuel/ws_moveit/src/install/my_bridge/lib/python3.12/site-packages:${PYTHONPATH} /usr/bin/python3 -W ignore:setup.py install is deprecated -W ignore:easy_install command is deprecated setup.py egg_info --egg-base ../build/my_bridge build --build-base /home/manuel/ws_moveit/src/build/my_bridge/build install --record /home/manuel/ws_moveit/src/build/my_bridge/install.log --single-version-externally-managed install_data
