-- Install configuration: ""
-- Up-to-date: /home/manuel/ws_moveit/install/ensamble_description/share/ensamble_description/meshes
-- Up-to-date: /home/manuel/ws_moveit/install/ensamble_description/share/ensamble_description/meshes/grip_1.stl
-- Up-to-date: /home/manuel/ws_moveit/install/ensamble_description/share/ensamble_description/meshes/joint_2_1.stl
-- Up-to-date: /home/manuel/ws_moveit/install/ensamble_description/share/ensamble_description/meshes/joint_3_1.stl
-- Up-to-date: /home/manuel/ws_moveit/install/ensamble_description/share/ensamble_description/meshes/grip_2_1.stl
-- Up-to-date: /home/manuel/ws_moveit/install/ensamble_description/share/ensamble_description/meshes/grip_1_1.stl
-- Up-to-date: /home/manuel/ws_moveit/install/ensamble_description/share/ensamble_description/meshes/joint_4_1.stl
-- Up-to-date: /home/manuel/ws_moveit/install/ensamble_description/share/ensamble_description/meshes/base_link.stl
-- Up-to-date: /home/manuel/ws_moveit/install/ensamble_description/share/ensamble_description/urdf
-- Up-to-date: /home/manuel/ws_moveit/install/ensamble_description/share/ensamble_description/urdf/ensamble.gazebo
-- Installing: /home/manuel/ws_moveit/install/ensamble_description/share/ensamble_description/urdf/ensamble.xacro
-- Up-to-date: /home/manuel/ws_moveit/install/ensamble_description/share/ensamble_description/urdf/materials.xacro
-- Up-to-date: /home/manuel/ws_moveit/install/ensamble_description/share/ensamble_description/urdf/ensamble.trans
-- Up-to-date: /home/manuel/ws_moveit/install/ensamble_description/share/ensamble_description/launch
-- Up-to-date: /home/manuel/ws_moveit/install/ensamble_description/share/ensamble_description/launch/display.launch.py
-- Up-to-date: /home/manuel/ws_moveit/install/ensamble_description/share/ensamble_description/launch/gazebo.launch
-- Up-to-date: /home/manuel/ws_moveit/install/ensamble_description/share/ensamble_description/launch/controller.yaml
-- Up-to-date: /home/manuel/ws_moveit/install/ensamble_description/share/ensamble_description/launch/controller.launch
-- Up-to-date: /home/manuel/ws_moveit/install/ensamble_description/share/ensamble_description/launch/urdf.rviz
-- Up-to-date: /home/manuel/ws_moveit/install/ensamble_description/share/ensamble_description/config
-- Up-to-date: /home/manuel/ws_moveit/install/ensamble_description/share/ament_index/resource_index/package_run_dependencies/ensamble_description
-- Up-to-date: /home/manuel/ws_moveit/install/ensamble_description/share/ament_index/resource_index/parent_prefix_path/ensamble_description
-- Up-to-date: /home/manuel/ws_moveit/install/ensamble_description/share/ensamble_description/environment/ament_prefix_path.sh
-- Up-to-date: /home/manuel/ws_moveit/install/ensamble_description/share/ensamble_description/environment/ament_prefix_path.dsv
-- Up-to-date: /home/manuel/ws_moveit/install/ensamble_description/share/ensamble_description/environment/path.sh
-- Up-to-date: /home/manuel/ws_moveit/install/ensamble_description/share/ensamble_description/environment/path.dsv
-- Up-to-date: /home/manuel/ws_moveit/install/ensamble_description/share/ensamble_description/local_setup.bash
-- Up-to-date: /home/manuel/ws_moveit/install/ensamble_description/share/ensamble_description/local_setup.sh
-- Up-to-date: /home/manuel/ws_moveit/install/ensamble_description/share/ensamble_description/local_setup.zsh
-- Up-to-date: /home/manuel/ws_moveit/install/ensamble_description/share/ensamble_description/local_setup.dsv
-- Installing: /home/manuel/ws_moveit/install/ensamble_description/share/ensamble_description/package.dsv
-- Up-to-date: /home/manuel/ws_moveit/install/ensamble_description/share/ament_index/resource_index/packages/ensamble_description
-- Up-to-date: /home/manuel/ws_moveit/install/ensamble_description/share/ensamble_description/cmake/ensamble_descriptionConfig.cmake
-- Up-to-date: /home/manuel/ws_moveit/install/ensamble_description/share/ensamble_description/cmake/ensamble_descriptionConfig-version.cmake
-- Up-to-date: /home/manuel/ws_moveit/install/ensamble_description/share/ensamble_description/package.xml
