[0.019s] Invoking command in '/home/manuel/ws_moveit/build/basic_arm2_moveit_config': CMAKE_PREFIX_PATH=/home/manuel/ws_moveit/install/basic_arm2_description:/home/manuel/ws_moveit/install/basic_arm2_moveit_config:/opt/ros/jazzy/opt/gz_sim_vendor:/opt/ros/jazzy/opt/gz_sensors_vendor:/opt/ros/jazzy/opt/gz_physics_vendor:/opt/ros/jazzy/opt/sdformat_vendor:/opt/ros/jazzy/opt/gz_gui_vendor:/opt/ros/jazzy/opt/gz_transport_vendor:/opt/ros/jazzy/opt/gz_rendering_vendor:/opt/ros/jazzy/opt/gz_plugin_vendor:/opt/ros/jazzy/opt/gz_fuel_tools_vendor:/opt/ros/jazzy/opt/gz_msgs_vendor:/opt/ros/jazzy/opt/gz_common_vendor:/opt/ros/jazzy/opt/gz_math_vendor:/opt/ros/jazzy/opt/gz_utils_vendor:/opt/ros/jazzy/opt/gz_tools_vendor:/opt/ros/jazzy/opt/gz_ogre_next_vendor:/opt/ros/jazzy/opt/gz_dartsim_vendor:/opt/ros/jazzy/opt/gz_cmake_vendor:/opt/ros/jazzy /usr/bin/cmake /home/manuel/ws_moveit/src/basic_arm2_moveit_config -DCMAKE_INSTALL_PREFIX=/home/manuel/ws_moveit/install/basic_arm2_moveit_config
[0.039s] -- Found ament_cmake: 2.5.4 (/opt/ros/jazzy/share/ament_cmake/cmake)
[0.316s] -- Override CMake install command with custom implementation using symlinks instead of copying resources
[0.467s] -- Configuring done (0.4s)
[0.477s] -- Generating done (0.0s)
[0.483s] -- Build files have been written to: /home/manuel/ws_moveit/build/basic_arm2_moveit_config
[0.491s] Invoked command in '/home/manuel/ws_moveit/build/basic_arm2_moveit_config' returned '0': CMAKE_PREFIX_PATH=/home/manuel/ws_moveit/install/basic_arm2_description:/home/manuel/ws_moveit/install/basic_arm2_moveit_config:/opt/ros/jazzy/opt/gz_sim_vendor:/opt/ros/jazzy/opt/gz_sensors_vendor:/opt/ros/jazzy/opt/gz_physics_vendor:/opt/ros/jazzy/opt/sdformat_vendor:/opt/ros/jazzy/opt/gz_gui_vendor:/opt/ros/jazzy/opt/gz_transport_vendor:/opt/ros/jazzy/opt/gz_rendering_vendor:/opt/ros/jazzy/opt/gz_plugin_vendor:/opt/ros/jazzy/opt/gz_fuel_tools_vendor:/opt/ros/jazzy/opt/gz_msgs_vendor:/opt/ros/jazzy/opt/gz_common_vendor:/opt/ros/jazzy/opt/gz_math_vendor:/opt/ros/jazzy/opt/gz_utils_vendor:/opt/ros/jazzy/opt/gz_tools_vendor:/opt/ros/jazzy/opt/gz_ogre_next_vendor:/opt/ros/jazzy/opt/gz_dartsim_vendor:/opt/ros/jazzy/opt/gz_cmake_vendor:/opt/ros/jazzy /usr/bin/cmake /home/manuel/ws_moveit/src/basic_arm2_moveit_config -DCMAKE_INSTALL_PREFIX=/home/manuel/ws_moveit/install/basic_arm2_moveit_config
[0.493s] Invoking command in '/home/manuel/ws_moveit/build/basic_arm2_moveit_config': CMAKE_PREFIX_PATH=/home/manuel/ws_moveit/install/basic_arm2_description:/home/manuel/ws_moveit/install/basic_arm2_moveit_config:/opt/ros/jazzy/opt/gz_sim_vendor:/opt/ros/jazzy/opt/gz_sensors_vendor:/opt/ros/jazzy/opt/gz_physics_vendor:/opt/ros/jazzy/opt/sdformat_vendor:/opt/ros/jazzy/opt/gz_gui_vendor:/opt/ros/jazzy/opt/gz_transport_vendor:/opt/ros/jazzy/opt/gz_rendering_vendor:/opt/ros/jazzy/opt/gz_plugin_vendor:/opt/ros/jazzy/opt/gz_fuel_tools_vendor:/opt/ros/jazzy/opt/gz_msgs_vendor:/opt/ros/jazzy/opt/gz_common_vendor:/opt/ros/jazzy/opt/gz_math_vendor:/opt/ros/jazzy/opt/gz_utils_vendor:/opt/ros/jazzy/opt/gz_tools_vendor:/opt/ros/jazzy/opt/gz_ogre_next_vendor:/opt/ros/jazzy/opt/gz_dartsim_vendor:/opt/ros/jazzy/opt/gz_cmake_vendor:/opt/ros/jazzy /usr/bin/cmake --build /home/manuel/ws_moveit/build/basic_arm2_moveit_config -- -j8 -l8
[0.561s] Invoked command in '/home/manuel/ws_moveit/build/basic_arm2_moveit_config' returned '0': CMAKE_PREFIX_PATH=/home/manuel/ws_moveit/install/basic_arm2_description:/home/manuel/ws_moveit/install/basic_arm2_moveit_config:/opt/ros/jazzy/opt/gz_sim_vendor:/opt/ros/jazzy/opt/gz_sensors_vendor:/opt/ros/jazzy/opt/gz_physics_vendor:/opt/ros/jazzy/opt/sdformat_vendor:/opt/ros/jazzy/opt/gz_gui_vendor:/opt/ros/jazzy/opt/gz_transport_vendor:/opt/ros/jazzy/opt/gz_rendering_vendor:/opt/ros/jazzy/opt/gz_plugin_vendor:/opt/ros/jazzy/opt/gz_fuel_tools_vendor:/opt/ros/jazzy/opt/gz_msgs_vendor:/opt/ros/jazzy/opt/gz_common_vendor:/opt/ros/jazzy/opt/gz_math_vendor:/opt/ros/jazzy/opt/gz_utils_vendor:/opt/ros/jazzy/opt/gz_tools_vendor:/opt/ros/jazzy/opt/gz_ogre_next_vendor:/opt/ros/jazzy/opt/gz_dartsim_vendor:/opt/ros/jazzy/opt/gz_cmake_vendor:/opt/ros/jazzy /usr/bin/cmake --build /home/manuel/ws_moveit/build/basic_arm2_moveit_config -- -j8 -l8
[0.579s] Invoking command in '/home/manuel/ws_moveit/build/basic_arm2_moveit_config': CMAKE_PREFIX_PATH=/home/manuel/ws_moveit/install/basic_arm2_description:/home/manuel/ws_moveit/install/basic_arm2_moveit_config:/opt/ros/jazzy/opt/gz_sim_vendor:/opt/ros/jazzy/opt/gz_sensors_vendor:/opt/ros/jazzy/opt/gz_physics_vendor:/opt/ros/jazzy/opt/sdformat_vendor:/opt/ros/jazzy/opt/gz_gui_vendor:/opt/ros/jazzy/opt/gz_transport_vendor:/opt/ros/jazzy/opt/gz_rendering_vendor:/opt/ros/jazzy/opt/gz_plugin_vendor:/opt/ros/jazzy/opt/gz_fuel_tools_vendor:/opt/ros/jazzy/opt/gz_msgs_vendor:/opt/ros/jazzy/opt/gz_common_vendor:/opt/ros/jazzy/opt/gz_math_vendor:/opt/ros/jazzy/opt/gz_utils_vendor:/opt/ros/jazzy/opt/gz_tools_vendor:/opt/ros/jazzy/opt/gz_ogre_next_vendor:/opt/ros/jazzy/opt/gz_dartsim_vendor:/opt/ros/jazzy/opt/gz_cmake_vendor:/opt/ros/jazzy /usr/bin/cmake --install /home/manuel/ws_moveit/build/basic_arm2_moveit_config
[0.590s] -- Install configuration: ""
[0.590s] -- Execute custom install script
[0.591s] -- Up-to-date symlink: /home/manuel/ws_moveit/install/basic_arm2_moveit_config/share/ament_index/resource_index/package_run_dependencies/basic_arm2_moveit_config
[0.591s] -- Up-to-date symlink: /home/manuel/ws_moveit/install/basic_arm2_moveit_config/share/ament_index/resource_index/parent_prefix_path/basic_arm2_moveit_config
[0.591s] -- Up-to-date symlink: /home/manuel/ws_moveit/install/basic_arm2_moveit_config/share/basic_arm2_moveit_config/environment/ament_prefix_path.sh
[0.591s] -- Up-to-date symlink: /home/manuel/ws_moveit/install/basic_arm2_moveit_config/share/basic_arm2_moveit_config/environment/ament_prefix_path.dsv
[0.592s] -- Up-to-date symlink: /home/manuel/ws_moveit/install/basic_arm2_moveit_config/share/basic_arm2_moveit_config/environment/path.sh
[0.592s] -- Up-to-date symlink: /home/manuel/ws_moveit/install/basic_arm2_moveit_config/share/basic_arm2_moveit_config/environment/path.dsv
[0.592s] -- Up-to-date symlink: /home/manuel/ws_moveit/install/basic_arm2_moveit_config/share/basic_arm2_moveit_config/local_setup.bash
[0.592s] -- Up-to-date symlink: /home/manuel/ws_moveit/install/basic_arm2_moveit_config/share/basic_arm2_moveit_config/local_setup.sh
[0.593s] -- Up-to-date symlink: /home/manuel/ws_moveit/install/basic_arm2_moveit_config/share/basic_arm2_moveit_config/local_setup.zsh
[0.593s] -- Up-to-date symlink: /home/manuel/ws_moveit/install/basic_arm2_moveit_config/share/basic_arm2_moveit_config/local_setup.dsv
[0.593s] -- Symlinking: /home/manuel/ws_moveit/install/basic_arm2_moveit_config/share/basic_arm2_moveit_config/package.dsv
[0.607s] -- Up-to-date symlink: /home/manuel/ws_moveit/install/basic_arm2_moveit_config/share/ament_index/resource_index/packages/basic_arm2_moveit_config
[0.608s] -- Up-to-date symlink: /home/manuel/ws_moveit/install/basic_arm2_moveit_config/share/basic_arm2_moveit_config/cmake/basic_arm2_moveit_configConfig.cmake
[0.608s] -- Up-to-date symlink: /home/manuel/ws_moveit/install/basic_arm2_moveit_config/share/basic_arm2_moveit_config/cmake/basic_arm2_moveit_configConfig-version.cmake
[0.608s] -- Up-to-date symlink: /home/manuel/ws_moveit/install/basic_arm2_moveit_config/share/basic_arm2_moveit_config/package.xml
[0.609s] -- Up-to-date symlink: /home/manuel/ws_moveit/install/basic_arm2_moveit_config/share/basic_arm2_moveit_config/launch/demo.launch.py
[0.609s] -- Up-to-date symlink: /home/manuel/ws_moveit/install/basic_arm2_moveit_config/share/basic_arm2_moveit_config/launch/democontrol.launch.py
[0.609s] -- Up-to-date symlink: /home/manuel/ws_moveit/install/basic_arm2_moveit_config/share/basic_arm2_moveit_config/launch/move_group.launch.py
[0.610s] -- Up-to-date symlink: /home/manuel/ws_moveit/install/basic_arm2_moveit_config/share/basic_arm2_moveit_config/launch/moveit_rviz.launch.py
[0.610s] -- Up-to-date symlink: /home/manuel/ws_moveit/install/basic_arm2_moveit_config/share/basic_arm2_moveit_config/launch/rsp.launch.py
[0.610s] -- Up-to-date symlink: /home/manuel/ws_moveit/install/basic_arm2_moveit_config/share/basic_arm2_moveit_config/launch/setup_assistant.launch.py
[0.610s] -- Up-to-date symlink: /home/manuel/ws_moveit/install/basic_arm2_moveit_config/share/basic_arm2_moveit_config/launch/spawn_controllers.launch.py
[0.611s] -- Up-to-date symlink: /home/manuel/ws_moveit/install/basic_arm2_moveit_config/share/basic_arm2_moveit_config/launch/static_virtual_joint_tfs.launch.py
[0.611s] -- Up-to-date symlink: /home/manuel/ws_moveit/install/basic_arm2_moveit_config/share/basic_arm2_moveit_config/launch/warehouse_db.launch.py
[0.611s] -- Up-to-date symlink: /home/manuel/ws_moveit/install/basic_arm2_moveit_config/share/basic_arm2_moveit_config/config/basic_arm2.ros2_control.xacro
[0.611s] -- Up-to-date symlink: /home/manuel/ws_moveit/install/basic_arm2_moveit_config/share/basic_arm2_moveit_config/config/basic_arm2.srdf
[0.612s] -- Up-to-date symlink: /home/manuel/ws_moveit/install/basic_arm2_moveit_config/share/basic_arm2_moveit_config/config/basic_arm2.urdf.xacro
[0.612s] -- Up-to-date symlink: /home/manuel/ws_moveit/install/basic_arm2_moveit_config/share/basic_arm2_moveit_config/config/bio_ik_kinematics.yaml
[0.612s] -- Up-to-date symlink: /home/manuel/ws_moveit/install/basic_arm2_moveit_config/share/basic_arm2_moveit_config/config/initial_positions.yaml
[0.612s] -- Up-to-date symlink: /home/manuel/ws_moveit/install/basic_arm2_moveit_config/share/basic_arm2_moveit_config/config/joint_limits.yaml
[0.613s] -- Up-to-date symlink: /home/manuel/ws_moveit/install/basic_arm2_moveit_config/share/basic_arm2_moveit_config/config/kinematics.yaml
[0.613s] -- Up-to-date symlink: /home/manuel/ws_moveit/install/basic_arm2_moveit_config/share/basic_arm2_moveit_config/config/moveit.rviz
[0.613s] -- Up-to-date symlink: /home/manuel/ws_moveit/install/basic_arm2_moveit_config/share/basic_arm2_moveit_config/config/moveit_controllers.yaml
[0.613s] -- Up-to-date symlink: /home/manuel/ws_moveit/install/basic_arm2_moveit_config/share/basic_arm2_moveit_config/config/ompl_planning.yaml
[0.614s] -- Up-to-date symlink: /home/manuel/ws_moveit/install/basic_arm2_moveit_config/share/basic_arm2_moveit_config/config/pilz_cartesian_limits.yaml
[0.614s] -- Up-to-date symlink: /home/manuel/ws_moveit/install/basic_arm2_moveit_config/share/basic_arm2_moveit_config/config/pilz_industrial_motion_planner_planning.yaml
[0.614s] -- Up-to-date symlink: /home/manuel/ws_moveit/install/basic_arm2_moveit_config/share/basic_arm2_moveit_config/config/ros2_controllers.yaml
[0.614s] -- Up-to-date symlink: /home/manuel/ws_moveit/install/basic_arm2_moveit_config/share/basic_arm2_moveit_config/config/trajopt_planning.yaml
[0.614s] -- Up-to-date symlink: /home/manuel/ws_moveit/install/basic_arm2_moveit_config/share/basic_arm2_moveit_config/.setup_assistant
[0.616s] Invoked command in '/home/manuel/ws_moveit/build/basic_arm2_moveit_config' returned '0': CMAKE_PREFIX_PATH=/home/manuel/ws_moveit/install/basic_arm2_description:/home/manuel/ws_moveit/install/basic_arm2_moveit_config:/opt/ros/jazzy/opt/gz_sim_vendor:/opt/ros/jazzy/opt/gz_sensors_vendor:/opt/ros/jazzy/opt/gz_physics_vendor:/opt/ros/jazzy/opt/sdformat_vendor:/opt/ros/jazzy/opt/gz_gui_vendor:/opt/ros/jazzy/opt/gz_transport_vendor:/opt/ros/jazzy/opt/gz_rendering_vendor:/opt/ros/jazzy/opt/gz_plugin_vendor:/opt/ros/jazzy/opt/gz_fuel_tools_vendor:/opt/ros/jazzy/opt/gz_msgs_vendor:/opt/ros/jazzy/opt/gz_common_vendor:/opt/ros/jazzy/opt/gz_math_vendor:/opt/ros/jazzy/opt/gz_utils_vendor:/opt/ros/jazzy/opt/gz_tools_vendor:/opt/ros/jazzy/opt/gz_ogre_next_vendor:/opt/ros/jazzy/opt/gz_dartsim_vendor:/opt/ros/jazzy/opt/gz_cmake_vendor:/opt/ros/jazzy /usr/bin/cmake --install /home/manuel/ws_moveit/build/basic_arm2_moveit_config
