[0.286s] Invoking command in '/home/manuel/ws_moveit/build/ensamble_description': CMAKE_PREFIX_PATH=${CMAKE_PREFIX_PATH}:/home/manuel/ws_moveit/src/install/my_bridge:/home/manuel/install/my_bridge:/opt/ros/jazzy /usr/bin/cmake /home/manuel/ws_moveit/src/ensamble_description -DCMAKE_INSTALL_PREFIX=/home/manuel/ws_moveit/install/ensamble_description
[0.785s] [0mCMake Deprecation Warning at CMakeLists.txt:1 (cmake_minimum_required):
[0.785s]   Compatibility with CMake < 3.5 will be removed from a future version of
[0.786s]   CMake.
[0.786s] 
[0.786s]   Update the VERSION argument <min> value or use a ...<max> suffix to tell
[0.786s]   CMake that the project does not need compatibility with older versions.
[0.786s] 
[0.787s] [0m
[1.808s] -- The C compiler identification is GNU 13.3.0
[2.682s] -- The CXX compiler identification is GNU 13.3.0
[2.799s] -- Detecting C compiler ABI info
[3.116s] -- Detecting C compiler ABI info - done
[3.153s] -- Check for working C compiler: /usr/bin/cc - skipped
[3.155s] -- Detecting C compile features
[3.199s] -- Detecting C compile features - done
[3.232s] -- Detecting CXX compiler ABI info
[3.453s] -- Detecting CXX compiler ABI info - done
[3.491s] -- Check for working CXX compiler: /usr/bin/c++ - skipped
[3.493s] -- Detecting CXX compile features
[3.494s] -- Detecting CXX compile features - done
[3.809s] -- Found ament_cmake: 2.5.4 (/opt/ros/jazzy/share/ament_cmake/cmake)
[4.133s] -- Found Python3: /usr/bin/python3 (found version "3.12.3") found components: Interpreter 
[4.765s] -- Found robot_state_publisher: 3.3.3 (/opt/ros/jazzy/share/robot_state_publisher/cmake)
[4.996s] [33mCMake Warning (dev) at /opt/ros/jazzy/share/ament_cmake_core/cmake/core/list_append_unique.cmake:30 (if):
[4.997s]   Policy CMP0057 is not set: Support new IN_LIST if() operator.  Run "cmake
[4.997s]   --help-policy CMP0057" for policy details.  Use the cmake_policy command to
[4.997s]   set the policy and suppress this warning.
[4.997s] 
[4.997s]   IN_LIST will be interpreted as an operator when the policy is set to NEW.
[4.998s]   Since the policy is not set the OLD behavior will be used.
[4.998s] Call Stack (most recent call first):
[4.998s]   /opt/ros/jazzy/share/rcutils/cmake/ament_cmake_export_dependencies-extras.cmake:84 (list_append_unique)
[4.998s]   /opt/ros/jazzy/share/rcutils/cmake/rcutilsConfig.cmake:41 (include)
[4.998s]   /opt/ros/jazzy/share/rosidl_runtime_c/cmake/ament_cmake_export_dependencies-extras.cmake:21 (find_package)
[4.998s]   /opt/ros/jazzy/share/rosidl_runtime_c/cmake/rosidl_runtime_cConfig.cmake:41 (include)
[4.999s]   /opt/ros/jazzy/share/builtin_interfaces/cmake/ament_cmake_export_dependencies-extras.cmake:21 (find_package)
[4.999s]   /opt/ros/jazzy/share/builtin_interfaces/cmake/builtin_interfacesConfig.cmake:41 (include)
[4.999s]   /opt/ros/jazzy/share/robot_state_publisher/cmake/ament_cmake_export_dependencies-extras.cmake:21 (find_package)
[4.999s]   /opt/ros/jazzy/share/robot_state_publisher/cmake/robot_state_publisherConfig.cmake:41 (include)
[4.999s]   CMakeLists.txt:5 (find_package)
[5.000s] This warning is for project developers.  Use -Wno-dev to suppress it.
[5.000s] [0m
[5.000s] [31mCMake Error at /opt/ros/jazzy/share/ament_cmake_core/cmake/core/list_append_unique.cmake:30 (if):
[5.000s]   if given arguments:
[5.000s] 
[5.001s]     "NOT" "element" "IN_LIST" "rcutils_RECURSIVE_DEPENDENCIES"
[5.001s] 
[5.001s]   Unknown arguments specified
[5.001s] Call Stack (most recent call first):
[5.001s]   /opt/ros/jazzy/share/rcutils/cmake/ament_cmake_export_dependencies-extras.cmake:84 (list_append_unique)
[5.002s]   /opt/ros/jazzy/share/rcutils/cmake/rcutilsConfig.cmake:41 (include)
[5.002s]   /opt/ros/jazzy/share/rosidl_runtime_c/cmake/ament_cmake_export_dependencies-extras.cmake:21 (find_package)
[5.002s]   /opt/ros/jazzy/share/rosidl_runtime_c/cmake/rosidl_runtime_cConfig.cmake:41 (include)
[5.002s]   /opt/ros/jazzy/share/builtin_interfaces/cmake/ament_cmake_export_dependencies-extras.cmake:21 (find_package)
[5.002s]   /opt/ros/jazzy/share/builtin_interfaces/cmake/builtin_interfacesConfig.cmake:41 (include)
[5.003s]   /opt/ros/jazzy/share/robot_state_publisher/cmake/ament_cmake_export_dependencies-extras.cmake:21 (find_package)
[5.003s]   /opt/ros/jazzy/share/robot_state_publisher/cmake/robot_state_publisherConfig.cmake:41 (include)
[5.003s]   CMakeLists.txt:5 (find_package)
[5.003s] 
[5.003s] [0m
[5.003s] -- Configuring incomplete, errors occurred!
[5.006s] Invoked command in '/home/manuel/ws_moveit/build/ensamble_description' returned '1': CMAKE_PREFIX_PATH=${CMAKE_PREFIX_PATH}:/home/manuel/ws_moveit/src/install/my_bridge:/home/manuel/install/my_bridge:/opt/ros/jazzy /usr/bin/cmake /home/manuel/ws_moveit/src/ensamble_description -DCMAKE_INSTALL_PREFIX=/home/manuel/ws_moveit/install/ensamble_description
