-- The C compiler identification is GNU 13.3.0
-- The CXX compiler identification is GNU 13.3.0
-- Detecting C compiler ABI info
-- Detecting C compiler ABI info - done
-- Check for working C compiler: /usr/bin/cc - skipped
-- Detecting C compile features
-- Detecting C compile features - done
-- Detecting CXX compiler ABI info
-- Detecting CXX compiler ABI info - done
-- Check for working CXX compiler: /usr/bin/c++ - skipped
-- Detecting CXX compile features
-- Detecting CXX compile features - done
-- Found ament_cmake: 2.5.4 (/opt/ros/jazzy/share/ament_cmake/cmake)
-- Found Python3: /usr/bin/python3 (found version "3.12.3") found components: Interpreter 
-- Override CMake install command with custom implementation using symlinks instead of copying resources
-- Found robot_state_publisher: 3.3.3 (/opt/ros/jazzy/share/robot_state_publisher/cmake)
-- Found rosidl_generator_c: 4.6.6 (/opt/ros/jazzy/share/rosidl_generator_c/cmake)
-- Found rosidl_generator_cpp: 4.6.6 (/opt/ros/jazzy/share/rosidl_generator_cpp/cmake)
-- Using all available rosidl_typesupport_c: rosidl_typesupport_fastrtps_c;rosidl_typesupport_introspection_c
-- Using all available rosidl_typesupport_cpp: rosidl_typesupport_fastrtps_cpp;rosidl_typesupport_introspection_cpp
-- Found rmw_implementation_cmake: 7.3.2 (/opt/ros/jazzy/share/rmw_implementation_cmake/cmake)
-- Found rmw_fastrtps_cpp: 8.4.3 (/opt/ros/jazzy/share/rmw_fastrtps_cpp/cmake)
-- Found OpenSSL: /usr/lib/x86_64-linux-gnu/libcrypto.so (found version "3.0.13")  
-- Found FastRTPS: /opt/ros/jazzy/include (Required is at least version "2.13") 
-- Using RMW implementation 'rmw_fastrtps_cpp' as default
-- Found xacro: 2.1.1 (/opt/ros/jazzy/share/xacro/cmake)
-- Configuring done (2.2s)
-- Generating done (0.0s)
-- Build files have been written to: /home/manuel/ws_moveit/build/basic_arm2_description
-- Install configuration: ""
-- Execute custom install script
-- Symlinking: /home/manuel/ws_moveit/install/basic_arm2_description/share/basic_arm2_description/meshes/Componente2_1(1).stl
-- Symlinking: /home/manuel/ws_moveit/install/basic_arm2_description/share/basic_arm2_description/meshes/Componente2_1.stl
-- Symlinking: /home/manuel/ws_moveit/install/basic_arm2_description/share/basic_arm2_description/meshes/Componente3_1(1).stl
-- Symlinking: /home/manuel/ws_moveit/install/basic_arm2_description/share/basic_arm2_description/meshes/Componente3_1.stl
-- Symlinking: /home/manuel/ws_moveit/install/basic_arm2_description/share/basic_arm2_description/meshes/Componente4_1(1).stl
-- Symlinking: /home/manuel/ws_moveit/install/basic_arm2_description/share/basic_arm2_description/meshes/Componente4_1.stl
-- Symlinking: /home/manuel/ws_moveit/install/basic_arm2_description/share/basic_arm2_description/meshes/Componente5_1(1).stl
-- Symlinking: /home/manuel/ws_moveit/install/basic_arm2_description/share/basic_arm2_description/meshes/Componente5_1.stl
-- Symlinking: /home/manuel/ws_moveit/install/basic_arm2_description/share/basic_arm2_description/meshes/base_link(1).stl
-- Symlinking: /home/manuel/ws_moveit/install/basic_arm2_description/share/basic_arm2_description/meshes/base_link.stl
-- Symlinking: /home/manuel/ws_moveit/install/basic_arm2_description/share/basic_arm2_description/urdf/basic_arm2(1).gazebo
-- Symlinking: /home/manuel/ws_moveit/install/basic_arm2_description/share/basic_arm2_description/urdf/basic_arm2(1).trans
-- Symlinking: /home/manuel/ws_moveit/install/basic_arm2_description/share/basic_arm2_description/urdf/basic_arm2(1).xacro
-- Symlinking: /home/manuel/ws_moveit/install/basic_arm2_description/share/basic_arm2_description/urdf/basic_arm2.gazebo
-- Symlinking: /home/manuel/ws_moveit/install/basic_arm2_description/share/basic_arm2_description/urdf/basic_arm2.trans
-- Symlinking: /home/manuel/ws_moveit/install/basic_arm2_description/share/basic_arm2_description/urdf/basic_arm2.xacro
-- Symlinking: /home/manuel/ws_moveit/install/basic_arm2_description/share/basic_arm2_description/urdf/materials(1).xacro
-- Symlinking: /home/manuel/ws_moveit/install/basic_arm2_description/share/basic_arm2_description/urdf/materials.xacro
-- Symlinking: /home/manuel/ws_moveit/install/basic_arm2_description/share/basic_arm2_description/launch/controller.launch
-- Symlinking: /home/manuel/ws_moveit/install/basic_arm2_description/share/basic_arm2_description/launch/controller.yaml
-- Symlinking: /home/manuel/ws_moveit/install/basic_arm2_description/share/basic_arm2_description/launch/display.launch.py
-- Symlinking: /home/manuel/ws_moveit/install/basic_arm2_description/share/basic_arm2_description/launch/gazebo.launch.py
-- Symlinking: /home/manuel/ws_moveit/install/basic_arm2_description/share/basic_arm2_description/launch/sim_gazebo.launch.py
-- Symlinking: /home/manuel/ws_moveit/install/basic_arm2_description/share/basic_arm2_description/launch/urdf.rviz
-- Symlinking: /home/manuel/ws_moveit/install/basic_arm2_description/share/ament_index/resource_index/package_run_dependencies/basic_arm2_description
-- Symlinking: /home/manuel/ws_moveit/install/basic_arm2_description/share/ament_index/resource_index/parent_prefix_path/basic_arm2_description
-- Symlinking: /home/manuel/ws_moveit/install/basic_arm2_description/share/basic_arm2_description/environment/ament_prefix_path.sh
-- Symlinking: /home/manuel/ws_moveit/install/basic_arm2_description/share/basic_arm2_description/environment/ament_prefix_path.dsv
-- Symlinking: /home/manuel/ws_moveit/install/basic_arm2_description/share/basic_arm2_description/environment/path.sh
-- Symlinking: /home/manuel/ws_moveit/install/basic_arm2_description/share/basic_arm2_description/environment/path.dsv
-- Symlinking: /home/manuel/ws_moveit/install/basic_arm2_description/share/basic_arm2_description/local_setup.bash
-- Symlinking: /home/manuel/ws_moveit/install/basic_arm2_description/share/basic_arm2_description/local_setup.sh
-- Symlinking: /home/manuel/ws_moveit/install/basic_arm2_description/share/basic_arm2_description/local_setup.zsh
-- Symlinking: /home/manuel/ws_moveit/install/basic_arm2_description/share/basic_arm2_description/local_setup.dsv
-- Symlinking: /home/manuel/ws_moveit/install/basic_arm2_description/share/basic_arm2_description/package.dsv
-- Symlinking: /home/manuel/ws_moveit/install/basic_arm2_description/share/ament_index/resource_index/packages/basic_arm2_description
-- Symlinking: /home/manuel/ws_moveit/install/basic_arm2_description/share/basic_arm2_description/cmake/basic_arm2_descriptionConfig.cmake
-- Symlinking: /home/manuel/ws_moveit/install/basic_arm2_description/share/basic_arm2_description/cmake/basic_arm2_descriptionConfig-version.cmake
-- Symlinking: /home/manuel/ws_moveit/install/basic_arm2_description/share/basic_arm2_description/package.xml
