[1.343s] Invoking command in '/home/manuel/ws_moveit/src/my_bridge': PYTHONPATH=/home/manuel/ws_moveit/src/build/my_bridge/prefix_override:/usr/lib/python3/dist-packages/colcon_core/task/python/colcon_distutils_commands:/home/manuel/ws_moveit/src/install/my_bridge/lib/python3.12/site-packages:${PYTHONPATH} /usr/bin/python3 -W ignore:setup.py install is deprecated -W ignore:easy_install command is deprecated setup.py egg_info --egg-base ../build/my_bridge build --build-base /home/manuel/ws_moveit/src/build/my_bridge/build install --record /home/manuel/ws_moveit/src/build/my_bridge/install.log --single-version-externally-managed install_data
[1.787s] running egg_info
[1.787s] creating ../build/my_bridge/my_bridge.egg-info
[1.823s] writing ../build/my_bridge/my_bridge.egg-info/PKG-INFO
[1.824s] writing dependency_links to ../build/my_bridge/my_bridge.egg-info/dependency_links.txt
[1.824s] writing entry points to ../build/my_bridge/my_bridge.egg-info/entry_points.txt
[1.824s] writing requirements to ../build/my_bridge/my_bridge.egg-info/requires.txt
[1.825s] writing top-level names to ../build/my_bridge/my_bridge.egg-info/top_level.txt
[1.825s] writing manifest file '../build/my_bridge/my_bridge.egg-info/SOURCES.txt'
[1.902s] reading manifest file '../build/my_bridge/my_bridge.egg-info/SOURCES.txt'
[1.903s] writing manifest file '../build/my_bridge/my_bridge.egg-info/SOURCES.txt'
[1.904s] running build
[1.904s] running build_py
[1.904s] creating /home/manuel/ws_moveit/src/build/my_bridge/build
[1.904s] creating /home/manuel/ws_moveit/src/build/my_bridge/build/lib
[1.905s] creating /home/manuel/ws_moveit/src/build/my_bridge/build/lib/my_bridge
[1.905s] copying my_bridge/__init__.py -> /home/manuel/ws_moveit/src/build/my_bridge/build/lib/my_bridge
[1.905s] copying my_bridge/joint_states_to_delta_int.py -> /home/manuel/ws_moveit/src/build/my_bridge/build/lib/my_bridge
[1.905s] running install
[1.913s] running install_lib
[1.952s] creating /home/manuel/ws_moveit/src/install/my_bridge/lib/python3.12/site-packages/my_bridge
[1.953s] copying /home/manuel/ws_moveit/src/build/my_bridge/build/lib/my_bridge/__init__.py -> /home/manuel/ws_moveit/src/install/my_bridge/lib/python3.12/site-packages/my_bridge
[1.953s] copying /home/manuel/ws_moveit/src/build/my_bridge/build/lib/my_bridge/joint_states_to_delta_int.py -> /home/manuel/ws_moveit/src/install/my_bridge/lib/python3.12/site-packages/my_bridge
[1.953s] byte-compiling /home/manuel/ws_moveit/src/install/my_bridge/lib/python3.12/site-packages/my_bridge/__init__.py to __init__.cpython-312.pyc
[1.954s] byte-compiling /home/manuel/ws_moveit/src/install/my_bridge/lib/python3.12/site-packages/my_bridge/joint_states_to_delta_int.py to joint_states_to_delta_int.cpython-312.pyc
[1.955s] running install_data
[1.955s] creating /home/manuel/ws_moveit/src/install/my_bridge/share/ament_index
[1.956s] creating /home/manuel/ws_moveit/src/install/my_bridge/share/ament_index/resource_index
[1.956s] creating /home/manuel/ws_moveit/src/install/my_bridge/share/ament_index/resource_index/packages
[1.956s] copying resource/my_bridge -> /home/manuel/ws_moveit/src/install/my_bridge/share/ament_index/resource_index/packages
[1.956s] copying package.xml -> /home/manuel/ws_moveit/src/install/my_bridge/share/my_bridge
[1.956s] running install_egg_info
[1.997s] Copying ../build/my_bridge/my_bridge.egg-info to /home/manuel/ws_moveit/src/install/my_bridge/lib/python3.12/site-packages/my_bridge-0.0.0-py3.12.egg-info
[1.998s] running install_scripts
[2.238s] Installing joint_states_to_delta_int script to /home/manuel/ws_moveit/src/install/my_bridge/lib/my_bridge
[2.238s] writing list of installed files to '/home/manuel/ws_moveit/src/build/my_bridge/install.log'
[2.289s] Invoked command in '/home/manuel/ws_moveit/src/my_bridge' returned '0': PYTHONPATH=/home/manuel/ws_moveit/src/build/my_bridge/prefix_override:/usr/lib/python3/dist-packages/colcon_core/task/python/colcon_distutils_commands:/home/manuel/ws_moveit/src/install/my_bridge/lib/python3.12/site-packages:${PYTHONPATH} /usr/bin/python3 -W ignore:setup.py install is deprecated -W ignore:easy_install command is deprecated setup.py egg_info --egg-base ../build/my_bridge build --build-base /home/manuel/ws_moveit/src/build/my_bridge/build install --record /home/manuel/ws_moveit/src/build/my_bridge/install.log --single-version-externally-managed install_data
