[0.023s] Invoking command in '/home/manuel/ws_moveit/src/build/dummy_arm2_description': CMAKE_PREFIX_PATH=${CMAKE_PREFIX_PATH}:/home/manuel/ws_moveit/install/moveit_configs_utils:/opt/ros/jazzy /usr/bin/cmake /home/manuel/ws_moveit/src/dummy_arm2_description -DCMAKE_INSTALL_PREFIX=/home/manuel/ws_moveit/src/install/dummy_arm2_description
[0.328s] -- The C compiler identification is GNU 13.3.0
[0.427s] -- The CXX compiler identification is GNU 13.3.0
[0.453s] -- Detecting C compiler ABI info
[0.626s] -- Detecting C compiler ABI info - done
[0.661s] -- Check for working C compiler: /usr/bin/cc - skipped
[0.662s] -- Detecting C compile features
[0.663s] -- Detecting C compile features - done
[0.687s] -- Detecting CXX compiler ABI info
[0.886s] -- Detecting CXX compiler ABI info - done
[0.898s] -- Check for working CXX compiler: /usr/bin/c++ - skipped
[0.899s] -- Detecting CXX compile features
[0.899s] -- Detecting CXX compile features - done
[0.911s] -- Found ament_cmake: 2.5.4 (/opt/ros/jazzy/share/ament_cmake/cmake)
[1.224s] -- Found Python3: /usr/bin/python3 (found version "3.12.3") found components: Interpreter 
[1.603s] -- Found robot_state_publisher: 3.3.3 (/opt/ros/jazzy/share/robot_state_publisher/cmake)
[1.750s] -- Found rosidl_generator_c: 4.6.6 (/opt/ros/jazzy/share/rosidl_generator_c/cmake)
[1.794s] -- Found rosidl_generator_cpp: 4.6.6 (/opt/ros/jazzy/share/rosidl_generator_cpp/cmake)
[1.842s] -- Using all available rosidl_typesupport_c: rosidl_typesupport_fastrtps_c;rosidl_typesupport_introspection_c
[1.895s] -- Using all available rosidl_typesupport_cpp: rosidl_typesupport_fastrtps_cpp;rosidl_typesupport_introspection_cpp
[2.117s] -- Found rmw_implementation_cmake: 7.3.2 (/opt/ros/jazzy/share/rmw_implementation_cmake/cmake)
[2.131s] -- Found rmw_fastrtps_cpp: 8.4.3 (/opt/ros/jazzy/share/rmw_fastrtps_cpp/cmake)
[2.419s] -- Found OpenSSL: /usr/lib/x86_64-linux-gnu/libcrypto.so (found version "3.0.13")  
[2.463s] -- Found FastRTPS: /opt/ros/jazzy/include (Required is at least version "2.13") 
[2.504s] -- Using RMW implementation 'rmw_fastrtps_cpp' as default
[3.132s] -- Found xacro: 2.1.1 (/opt/ros/jazzy/share/xacro/cmake)
[3.265s] -- Configuring done (3.2s)
[3.273s] -- Generating done (0.0s)
[3.277s] -- Build files have been written to: /home/manuel/ws_moveit/src/build/dummy_arm2_description
[3.292s] Invoked command in '/home/manuel/ws_moveit/src/build/dummy_arm2_description' returned '0': CMAKE_PREFIX_PATH=${CMAKE_PREFIX_PATH}:/home/manuel/ws_moveit/install/moveit_configs_utils:/opt/ros/jazzy /usr/bin/cmake /home/manuel/ws_moveit/src/dummy_arm2_description -DCMAKE_INSTALL_PREFIX=/home/manuel/ws_moveit/src/install/dummy_arm2_description
[3.295s] Invoking command in '/home/manuel/ws_moveit/src/build/dummy_arm2_description': CMAKE_PREFIX_PATH=${CMAKE_PREFIX_PATH}:/home/manuel/ws_moveit/install/moveit_configs_utils:/opt/ros/jazzy /usr/bin/cmake --build /home/manuel/ws_moveit/src/build/dummy_arm2_description -- -j8 -l8
[3.411s] Invoked command in '/home/manuel/ws_moveit/src/build/dummy_arm2_description' returned '0': CMAKE_PREFIX_PATH=${CMAKE_PREFIX_PATH}:/home/manuel/ws_moveit/install/moveit_configs_utils:/opt/ros/jazzy /usr/bin/cmake --build /home/manuel/ws_moveit/src/build/dummy_arm2_description -- -j8 -l8
[3.441s] Invoking command in '/home/manuel/ws_moveit/src/build/dummy_arm2_description': CMAKE_PREFIX_PATH=${CMAKE_PREFIX_PATH}:/home/manuel/ws_moveit/install/moveit_configs_utils:/opt/ros/jazzy /usr/bin/cmake --install /home/manuel/ws_moveit/src/build/dummy_arm2_description
[3.467s] -- Install configuration: ""
[3.467s] -- Installing: /home/manuel/ws_moveit/src/install/dummy_arm2_description/share/dummy_arm2_description/urdf
[3.468s] -- Installing: /home/manuel/ws_moveit/src/install/dummy_arm2_description/share/dummy_arm2_description/urdf/dummy_arm2.xacro
[3.468s] -- Installing: /home/manuel/ws_moveit/src/install/dummy_arm2_description/share/dummy_arm2_description/urdf/dummy_arm2.trans
[3.469s] -- Installing: /home/manuel/ws_moveit/src/install/dummy_arm2_description/share/dummy_arm2_description/urdf/dummy_arm2.gazebo
[3.469s] -- Installing: /home/manuel/ws_moveit/src/install/dummy_arm2_description/share/dummy_arm2_description/urdf/materials.xacro
[3.469s] -- Installing: /home/manuel/ws_moveit/src/install/dummy_arm2_description/share/dummy_arm2_description/launch
[3.469s] -- Installing: /home/manuel/ws_moveit/src/install/dummy_arm2_description/share/dummy_arm2_description/launch/display.launch.py
[3.470s] -- Installing: /home/manuel/ws_moveit/src/install/dummy_arm2_description/share/dummy_arm2_description/launch/gazebo.launch
[3.470s] -- Installing: /home/manuel/ws_moveit/src/install/dummy_arm2_description/share/dummy_arm2_description/launch/controller.yaml
[3.470s] -- Installing: /home/manuel/ws_moveit/src/install/dummy_arm2_description/share/dummy_arm2_description/launch/controller.launch
[3.470s] -- Installing: /home/manuel/ws_moveit/src/install/dummy_arm2_description/share/dummy_arm2_description/launch/urdf.rviz
[3.470s] -- Installing: /home/manuel/ws_moveit/src/install/dummy_arm2_description/share/dummy_arm2_description/meshes
[3.471s] -- Installing: /home/manuel/ws_moveit/src/install/dummy_arm2_description/share/dummy_arm2_description/meshes/Componente24_1.stl
[3.471s] -- Installing: /home/manuel/ws_moveit/src/install/dummy_arm2_description/share/dummy_arm2_description/meshes/Componente22_1.stl
[3.471s] -- Installing: /home/manuel/ws_moveit/src/install/dummy_arm2_description/share/dummy_arm2_description/meshes/Componente25_1.stl
[3.517s] -- Installing: /home/manuel/ws_moveit/src/install/dummy_arm2_description/share/dummy_arm2_description/meshes/Componente23_1.stl
[3.518s] -- Installing: /home/manuel/ws_moveit/src/install/dummy_arm2_description/share/dummy_arm2_description/meshes/Componente26_1.stl
[3.519s] -- Installing: /home/manuel/ws_moveit/src/install/dummy_arm2_description/share/dummy_arm2_description/meshes/base_link.stl
[3.519s] -- Installing: /home/manuel/ws_moveit/src/install/dummy_arm2_description/share/ament_index/resource_index/package_run_dependencies/dummy_arm2_description
[3.520s] -- Installing: /home/manuel/ws_moveit/src/install/dummy_arm2_description/share/ament_index/resource_index/parent_prefix_path/dummy_arm2_description
[3.520s] -- Installing: /home/manuel/ws_moveit/src/install/dummy_arm2_description/share/dummy_arm2_description/environment/ament_prefix_path.sh
[3.521s] -- Installing: /home/manuel/ws_moveit/src/install/dummy_arm2_description/share/dummy_arm2_description/environment/ament_prefix_path.dsv
[3.521s] -- Installing: /home/manuel/ws_moveit/src/install/dummy_arm2_description/share/dummy_arm2_description/environment/path.sh
[3.521s] -- Installing: /home/manuel/ws_moveit/src/install/dummy_arm2_description/share/dummy_arm2_description/environment/path.dsv
[3.522s] -- Installing: /home/manuel/ws_moveit/src/install/dummy_arm2_description/share/dummy_arm2_description/local_setup.bash
[3.522s] -- Installing: /home/manuel/ws_moveit/src/install/dummy_arm2_description/share/dummy_arm2_description/local_setup.sh
[3.522s] -- Installing: /home/manuel/ws_moveit/src/install/dummy_arm2_description/share/dummy_arm2_description/local_setup.zsh
[3.522s] -- Installing: /home/manuel/ws_moveit/src/install/dummy_arm2_description/share/dummy_arm2_description/local_setup.dsv
[3.523s] -- Installing: /home/manuel/ws_moveit/src/install/dummy_arm2_description/share/dummy_arm2_description/package.dsv
[3.523s] -- Installing: /home/manuel/ws_moveit/src/install/dummy_arm2_description/share/ament_index/resource_index/packages/dummy_arm2_description
[3.523s] -- Installing: /home/manuel/ws_moveit/src/install/dummy_arm2_description/share/dummy_arm2_description/cmake/dummy_arm2_descriptionConfig.cmake
[3.523s] -- Installing: /home/manuel/ws_moveit/src/install/dummy_arm2_description/share/dummy_arm2_description/cmake/dummy_arm2_descriptionConfig-version.cmake
[3.524s] -- Installing: /home/manuel/ws_moveit/src/install/dummy_arm2_description/share/dummy_arm2_description/package.xml
[3.526s] Invoked command in '/home/manuel/ws_moveit/src/build/dummy_arm2_description' returned '0': CMAKE_PREFIX_PATH=${CMAKE_PREFIX_PATH}:/home/manuel/ws_moveit/install/moveit_configs_utils:/opt/ros/jazzy /usr/bin/cmake --install /home/manuel/ws_moveit/src/build/dummy_arm2_description
