[0.155s] DEBUG:colcon:Command line arguments: ['/usr/bin/colcon', 'build', '--packages-select', 'my_bridge']
[0.155s] DEBUG:colcon:Parsed command line arguments: Namespace(log_base=None, log_level=None, verb_name='build', build_base='build', install_base='install', merge_install=False, symlink_install=False, test_result_base=None, continue_on_error=False, executor='parallel', parallel_workers=8, event_handlers=None, ignore_user_meta=False, metas=['./colcon.meta'], base_paths=['.'], packages_ignore=None, packages_ignore_regex=None, paths=None, packages_up_to=None, packages_up_to_regex=None, packages_above=None, packages_above_and_dependencies=None, packages_above_depth=None, packages_select_by_dep=None, packages_skip_by_dep=None, packages_skip_up_to=None, packages_select_build_failed=False, packages_skip_build_finished=False, packages_select_test_failures=False, packages_skip_test_passed=False, packages_select=['my_bridge'], packages_skip=None, packages_select_regex=None, packages_skip_regex=None, packages_start=None, packages_end=None, allow_overriding=[], cmake_args=None, cmake_target=None, cmake_target_skip_unavailable=False, cmake_clean_cache=False, cmake_clean_first=False, cmake_force_configure=False, ament_cmake_args=None, catkin_cmake_args=None, catkin_skip_building_tests=False, mixin_files=None, mixin=None, verb_parser=<colcon_mixin.mixin.mixin_argument.MixinArgumentDecorator object at 0x7345498c9400>, verb_extension=<colcon_core.verb.build.BuildVerb object at 0x7345498c9130>, main=<bound method BuildVerb.main of <colcon_core.verb.build.BuildVerb object at 0x7345498c9130>>, mixin_verb=('build',))
[0.395s] Level 1:colcon.colcon_core.package_discovery:discover_packages(colcon_meta) check parameters
[0.395s] Level 1:colcon.colcon_core.package_discovery:discover_packages(recursive) check parameters
[0.395s] Level 1:colcon.colcon_core.package_discovery:discover_packages(ignore) check parameters
[0.395s] Level 1:colcon.colcon_core.package_discovery:discover_packages(path) check parameters
[0.395s] Level 1:colcon.colcon_core.package_discovery:discover_packages(colcon_meta) discover
[0.395s] Level 1:colcon.colcon_core.package_discovery:discover_packages(recursive) discover
[0.395s] INFO:colcon.colcon_core.package_discovery:Crawling recursively for packages in '/home/manuel/ws_moveit/src'
[0.395s] Level 1:colcon.colcon_core.package_identification:_identify(.) by extensions ['ignore', 'ignore_ament_install']
[0.396s] Level 1:colcon.colcon_core.package_identification:_identify(.) by extension 'ignore'
[0.396s] Level 1:colcon.colcon_core.package_identification:_identify(.) by extension 'ignore_ament_install'
[0.396s] Level 1:colcon.colcon_core.package_identification:_identify(.) by extensions ['colcon_pkg']
[0.396s] Level 1:colcon.colcon_core.package_identification:_identify(.) by extension 'colcon_pkg'
[0.396s] Level 1:colcon.colcon_core.package_identification:_identify(.) by extensions ['colcon_meta']
[0.396s] Level 1:colcon.colcon_core.package_identification:_identify(.) by extension 'colcon_meta'
[0.396s] Level 1:colcon.colcon_core.package_identification:_identify(.) by extensions ['ros']
[0.396s] Level 1:colcon.colcon_core.package_identification:_identify(.) by extension 'ros'
[0.426s] Level 1:colcon.colcon_core.package_identification:_identify(.) by extensions ['cmake', 'python']
[0.426s] Level 1:colcon.colcon_core.package_identification:_identify(.) by extension 'cmake'
[0.426s] Level 1:colcon.colcon_core.package_identification:_identify(.) by extension 'python'
[0.426s] Level 1:colcon.colcon_core.package_identification:_identify(.) by extensions ['python_setup_py']
[0.426s] Level 1:colcon.colcon_core.package_identification:_identify(.) by extension 'python_setup_py'
[0.426s] Level 1:colcon.colcon_core.package_identification:_identify(arm_bridge) by extensions ['ignore', 'ignore_ament_install']
[0.426s] Level 1:colcon.colcon_core.package_identification:_identify(arm_bridge) by extension 'ignore'
[0.426s] Level 1:colcon.colcon_core.package_identification:_identify(arm_bridge) by extension 'ignore_ament_install'
[0.426s] Level 1:colcon.colcon_core.package_identification:_identify(arm_bridge) by extensions ['colcon_pkg']
[0.426s] Level 1:colcon.colcon_core.package_identification:_identify(arm_bridge) by extension 'colcon_pkg'
[0.426s] Level 1:colcon.colcon_core.package_identification:_identify(arm_bridge) by extensions ['colcon_meta']
[0.426s] Level 1:colcon.colcon_core.package_identification:_identify(arm_bridge) by extension 'colcon_meta'
[0.426s] Level 1:colcon.colcon_core.package_identification:_identify(arm_bridge) by extensions ['ros']
[0.426s] Level 1:colcon.colcon_core.package_identification:_identify(arm_bridge) by extension 'ros'
[0.429s] DEBUG:colcon.colcon_core.package_identification:Found ROS schema reference in package manifest in 'arm_bridge'
[0.429s] WARNING:colcon.colcon_core.package_identification:Failed to parse ROS package manifest in 'arm_bridge': Error(s) in package 'arm_bridge/package.xml':
Error(s):
- The generic dependency on 'std_msgs' is redundant with: exec_depend
- The generic dependency on 'sensor_msgs' is redundant with: exec_depend
[0.429s] Level 1:colcon.colcon_core.package_identification:_identify(arm_bridge) by extensions ['cmake', 'python']
[0.429s] Level 1:colcon.colcon_core.package_identification:_identify(arm_bridge) by extension 'cmake'
[0.505s] Level 1:colcon.colcon_core.package_identification:_identify(arm_bridge) by extension 'python'
[0.505s] DEBUG:colcon.colcon_core.package_identification:Package 'arm_bridge' with type 'cmake' and name 'arm_bridge'
[0.505s] Level 1:colcon.colcon_core.package_identification:_identify(arm_hardware) by extensions ['ignore', 'ignore_ament_install']
[0.506s] Level 1:colcon.colcon_core.package_identification:_identify(arm_hardware) by extension 'ignore'
[0.506s] Level 1:colcon.colcon_core.package_identification:_identify(arm_hardware) by extension 'ignore_ament_install'
[0.506s] Level 1:colcon.colcon_core.package_identification:_identify(arm_hardware) by extensions ['colcon_pkg']
[0.506s] Level 1:colcon.colcon_core.package_identification:_identify(arm_hardware) by extension 'colcon_pkg'
[0.506s] Level 1:colcon.colcon_core.package_identification:_identify(arm_hardware) by extensions ['colcon_meta']
[0.506s] Level 1:colcon.colcon_core.package_identification:_identify(arm_hardware) by extension 'colcon_meta'
[0.506s] Level 1:colcon.colcon_core.package_identification:_identify(arm_hardware) by extensions ['ros']
[0.506s] Level 1:colcon.colcon_core.package_identification:_identify(arm_hardware) by extension 'ros'
[0.508s] DEBUG:colcon.colcon_core.package_identification:Package 'arm_hardware' with type 'ros.ament_cmake' and name 'arm_hardware'
[0.508s] Level 1:colcon.colcon_core.package_identification:_identify(basic_arm2_description) by extensions ['ignore', 'ignore_ament_install']
[0.508s] Level 1:colcon.colcon_core.package_identification:_identify(basic_arm2_description) by extension 'ignore'
[0.508s] Level 1:colcon.colcon_core.package_identification:_identify(basic_arm2_description) by extension 'ignore_ament_install'
[0.508s] Level 1:colcon.colcon_core.package_identification:_identify(basic_arm2_description) by extensions ['colcon_pkg']
[0.508s] Level 1:colcon.colcon_core.package_identification:_identify(basic_arm2_description) by extension 'colcon_pkg'
[0.508s] Level 1:colcon.colcon_core.package_identification:_identify(basic_arm2_description) by extensions ['colcon_meta']
[0.509s] Level 1:colcon.colcon_core.package_identification:_identify(basic_arm2_description) by extension 'colcon_meta'
[0.509s] Level 1:colcon.colcon_core.package_identification:_identify(basic_arm2_description) by extensions ['ros']
[0.509s] Level 1:colcon.colcon_core.package_identification:_identify(basic_arm2_description) by extension 'ros'
[0.509s] DEBUG:colcon.colcon_core.package_identification:Package 'basic_arm2_description' with type 'ros.ament_cmake' and name 'basic_arm2_description'
[0.510s] Level 1:colcon.colcon_core.package_identification:_identify(basic_arm2_moveit_config) by extensions ['ignore', 'ignore_ament_install']
[0.510s] Level 1:colcon.colcon_core.package_identification:_identify(basic_arm2_moveit_config) by extension 'ignore'
[0.510s] Level 1:colcon.colcon_core.package_identification:_identify(basic_arm2_moveit_config) by extension 'ignore_ament_install'
[0.510s] Level 1:colcon.colcon_core.package_identification:_identify(basic_arm2_moveit_config) by extensions ['colcon_pkg']
[0.510s] Level 1:colcon.colcon_core.package_identification:_identify(basic_arm2_moveit_config) by extension 'colcon_pkg'
[0.510s] Level 1:colcon.colcon_core.package_identification:_identify(basic_arm2_moveit_config) by extensions ['colcon_meta']
[0.510s] Level 1:colcon.colcon_core.package_identification:_identify(basic_arm2_moveit_config) by extension 'colcon_meta'
[0.510s] Level 1:colcon.colcon_core.package_identification:_identify(basic_arm2_moveit_config) by extensions ['ros']
[0.510s] Level 1:colcon.colcon_core.package_identification:_identify(basic_arm2_moveit_config) by extension 'ros'
[0.511s] DEBUG:colcon.colcon_core.package_identification:Package 'basic_arm2_moveit_config' with type 'ros.ament_cmake' and name 'basic_arm2_moveit_config'
[0.511s] Level 1:colcon.colcon_core.package_identification:_identify(build) by extensions ['ignore', 'ignore_ament_install']
[0.511s] Level 1:colcon.colcon_core.package_identification:_identify(build) by extension 'ignore'
[0.511s] Level 1:colcon.colcon_core.package_identification:_identify(build) ignored
[0.512s] Level 1:colcon.colcon_core.package_identification:_identify(dummy_arm2_description) by extensions ['ignore', 'ignore_ament_install']
[0.512s] Level 1:colcon.colcon_core.package_identification:_identify(dummy_arm2_description) by extension 'ignore'
[0.512s] Level 1:colcon.colcon_core.package_identification:_identify(dummy_arm2_description) by extension 'ignore_ament_install'
[0.512s] Level 1:colcon.colcon_core.package_identification:_identify(dummy_arm2_description) by extensions ['colcon_pkg']
[0.512s] Level 1:colcon.colcon_core.package_identification:_identify(dummy_arm2_description) by extension 'colcon_pkg'
[0.512s] Level 1:colcon.colcon_core.package_identification:_identify(dummy_arm2_description) by extensions ['colcon_meta']
[0.512s] Level 1:colcon.colcon_core.package_identification:_identify(dummy_arm2_description) by extension 'colcon_meta'
[0.512s] Level 1:colcon.colcon_core.package_identification:_identify(dummy_arm2_description) by extensions ['ros']
[0.512s] Level 1:colcon.colcon_core.package_identification:_identify(dummy_arm2_description) by extension 'ros'
[0.512s] DEBUG:colcon.colcon_core.package_identification:Package 'dummy_arm2_description' with type 'ros.catkin' and name 'dummy_arm2_description'
[0.512s] Level 1:colcon.colcon_core.package_identification:_identify(install) by extensions ['ignore', 'ignore_ament_install']
[0.513s] Level 1:colcon.colcon_core.package_identification:_identify(install) by extension 'ignore'
[0.513s] Level 1:colcon.colcon_core.package_identification:_identify(install) ignored
[0.513s] Level 1:colcon.colcon_core.package_identification:_identify(log) by extensions ['ignore', 'ignore_ament_install']
[0.513s] Level 1:colcon.colcon_core.package_identification:_identify(log) by extension 'ignore'
[0.513s] Level 1:colcon.colcon_core.package_identification:_identify(log) ignored
[0.513s] Level 1:colcon.colcon_core.package_identification:_identify(moveit_task_constructor) by extensions ['ignore', 'ignore_ament_install']
[0.513s] Level 1:colcon.colcon_core.package_identification:_identify(moveit_task_constructor) by extension 'ignore'
[0.513s] Level 1:colcon.colcon_core.package_identification:_identify(moveit_task_constructor) by extension 'ignore_ament_install'
[0.513s] Level 1:colcon.colcon_core.package_identification:_identify(moveit_task_constructor) by extensions ['colcon_pkg']
[0.513s] Level 1:colcon.colcon_core.package_identification:_identify(moveit_task_constructor) by extension 'colcon_pkg'
[0.513s] Level 1:colcon.colcon_core.package_identification:_identify(moveit_task_constructor) by extensions ['colcon_meta']
[0.513s] Level 1:colcon.colcon_core.package_identification:_identify(moveit_task_constructor) by extension 'colcon_meta'
[0.513s] Level 1:colcon.colcon_core.package_identification:_identify(moveit_task_constructor) by extensions ['ros']
[0.513s] Level 1:colcon.colcon_core.package_identification:_identify(moveit_task_constructor) by extension 'ros'
[0.513s] Level 1:colcon.colcon_core.package_identification:_identify(moveit_task_constructor) by extensions ['cmake', 'python']
[0.513s] Level 1:colcon.colcon_core.package_identification:_identify(moveit_task_constructor) by extension 'cmake'
[0.513s] Level 1:colcon.colcon_core.package_identification:_identify(moveit_task_constructor) by extension 'python'
[0.513s] Level 1:colcon.colcon_core.package_identification:_identify(moveit_task_constructor) by extensions ['python_setup_py']
[0.514s] Level 1:colcon.colcon_core.package_identification:_identify(moveit_task_constructor) by extension 'python_setup_py'
[0.514s] Level 1:colcon.colcon_core.package_identification:_identify(moveit_task_constructor/capabilities) by extensions ['ignore', 'ignore_ament_install']
[0.514s] Level 1:colcon.colcon_core.package_identification:_identify(moveit_task_constructor/capabilities) by extension 'ignore'
[0.514s] Level 1:colcon.colcon_core.package_identification:_identify(moveit_task_constructor/capabilities) by extension 'ignore_ament_install'
[0.514s] Level 1:colcon.colcon_core.package_identification:_identify(moveit_task_constructor/capabilities) by extensions ['colcon_pkg']
[0.514s] Level 1:colcon.colcon_core.package_identification:_identify(moveit_task_constructor/capabilities) by extension 'colcon_pkg'
[0.514s] Level 1:colcon.colcon_core.package_identification:_identify(moveit_task_constructor/capabilities) by extensions ['colcon_meta']
[0.514s] Level 1:colcon.colcon_core.package_identification:_identify(moveit_task_constructor/capabilities) by extension 'colcon_meta'
[0.514s] Level 1:colcon.colcon_core.package_identification:_identify(moveit_task_constructor/capabilities) by extensions ['ros']
[0.514s] Level 1:colcon.colcon_core.package_identification:_identify(moveit_task_constructor/capabilities) by extension 'ros'
[0.515s] DEBUG:colcon.colcon_core.package_identification:Package 'moveit_task_constructor/capabilities' with type 'ros.ament_cmake' and name 'moveit_task_constructor_capabilities'
[0.515s] Level 1:colcon.colcon_core.package_identification:_identify(moveit_task_constructor/core) by extensions ['ignore', 'ignore_ament_install']
[0.515s] Level 1:colcon.colcon_core.package_identification:_identify(moveit_task_constructor/core) by extension 'ignore'
[0.515s] Level 1:colcon.colcon_core.package_identification:_identify(moveit_task_constructor/core) by extension 'ignore_ament_install'
[0.515s] Level 1:colcon.colcon_core.package_identification:_identify(moveit_task_constructor/core) by extensions ['colcon_pkg']
[0.515s] Level 1:colcon.colcon_core.package_identification:_identify(moveit_task_constructor/core) by extension 'colcon_pkg'
[0.515s] Level 1:colcon.colcon_core.package_identification:_identify(moveit_task_constructor/core) by extensions ['colcon_meta']
[0.515s] Level 1:colcon.colcon_core.package_identification:_identify(moveit_task_constructor/core) by extension 'colcon_meta'
[0.516s] Level 1:colcon.colcon_core.package_identification:_identify(moveit_task_constructor/core) by extensions ['ros']
[0.516s] Level 1:colcon.colcon_core.package_identification:_identify(moveit_task_constructor/core) by extension 'ros'
[0.517s] DEBUG:colcon.colcon_core.package_identification:Package 'moveit_task_constructor/core' with type 'ros.ament_cmake' and name 'moveit_task_constructor_core'
[0.517s] Level 1:colcon.colcon_core.package_identification:_identify(moveit_task_constructor/demo) by extensions ['ignore', 'ignore_ament_install']
[0.517s] Level 1:colcon.colcon_core.package_identification:_identify(moveit_task_constructor/demo) by extension 'ignore'
[0.517s] Level 1:colcon.colcon_core.package_identification:_identify(moveit_task_constructor/demo) by extension 'ignore_ament_install'
[0.517s] Level 1:colcon.colcon_core.package_identification:_identify(moveit_task_constructor/demo) by extensions ['colcon_pkg']
[0.517s] Level 1:colcon.colcon_core.package_identification:_identify(moveit_task_constructor/demo) by extension 'colcon_pkg'
[0.517s] Level 1:colcon.colcon_core.package_identification:_identify(moveit_task_constructor/demo) by extensions ['colcon_meta']
[0.517s] Level 1:colcon.colcon_core.package_identification:_identify(moveit_task_constructor/demo) by extension 'colcon_meta'
[0.517s] Level 1:colcon.colcon_core.package_identification:_identify(moveit_task_constructor/demo) by extensions ['ros']
[0.517s] Level 1:colcon.colcon_core.package_identification:_identify(moveit_task_constructor/demo) by extension 'ros'
[0.518s] DEBUG:colcon.colcon_core.package_identification:Package 'moveit_task_constructor/demo' with type 'ros.ament_cmake' and name 'moveit_task_constructor_demo'
[0.518s] Level 1:colcon.colcon_core.package_identification:_identify(moveit_task_constructor/msgs) by extensions ['ignore', 'ignore_ament_install']
[0.518s] Level 1:colcon.colcon_core.package_identification:_identify(moveit_task_constructor/msgs) by extension 'ignore'
[0.518s] Level 1:colcon.colcon_core.package_identification:_identify(moveit_task_constructor/msgs) by extension 'ignore_ament_install'
[0.518s] Level 1:colcon.colcon_core.package_identification:_identify(moveit_task_constructor/msgs) by extensions ['colcon_pkg']
[0.518s] Level 1:colcon.colcon_core.package_identification:_identify(moveit_task_constructor/msgs) by extension 'colcon_pkg'
[0.519s] Level 1:colcon.colcon_core.package_identification:_identify(moveit_task_constructor/msgs) by extensions ['colcon_meta']
[0.519s] Level 1:colcon.colcon_core.package_identification:_identify(moveit_task_constructor/msgs) by extension 'colcon_meta'
[0.519s] Level 1:colcon.colcon_core.package_identification:_identify(moveit_task_constructor/msgs) by extensions ['ros']
[0.519s] Level 1:colcon.colcon_core.package_identification:_identify(moveit_task_constructor/msgs) by extension 'ros'
[0.519s] DEBUG:colcon.colcon_core.package_identification:Package 'moveit_task_constructor/msgs' with type 'ros.ament_cmake' and name 'moveit_task_constructor_msgs'
[0.519s] Level 1:colcon.colcon_core.package_identification:_identify(moveit_task_constructor/rviz_marker_tools) by extensions ['ignore', 'ignore_ament_install']
[0.519s] Level 1:colcon.colcon_core.package_identification:_identify(moveit_task_constructor/rviz_marker_tools) by extension 'ignore'
[0.519s] Level 1:colcon.colcon_core.package_identification:_identify(moveit_task_constructor/rviz_marker_tools) by extension 'ignore_ament_install'
[0.519s] Level 1:colcon.colcon_core.package_identification:_identify(moveit_task_constructor/rviz_marker_tools) by extensions ['colcon_pkg']
[0.520s] Level 1:colcon.colcon_core.package_identification:_identify(moveit_task_constructor/rviz_marker_tools) by extension 'colcon_pkg'
[0.520s] Level 1:colcon.colcon_core.package_identification:_identify(moveit_task_constructor/rviz_marker_tools) by extensions ['colcon_meta']
[0.520s] Level 1:colcon.colcon_core.package_identification:_identify(moveit_task_constructor/rviz_marker_tools) by extension 'colcon_meta'
[0.520s] Level 1:colcon.colcon_core.package_identification:_identify(moveit_task_constructor/rviz_marker_tools) by extensions ['ros']
[0.520s] Level 1:colcon.colcon_core.package_identification:_identify(moveit_task_constructor/rviz_marker_tools) by extension 'ros'
[0.520s] DEBUG:colcon.colcon_core.package_identification:Package 'moveit_task_constructor/rviz_marker_tools' with type 'ros.ament_cmake' and name 'rviz_marker_tools'
[0.521s] Level 1:colcon.colcon_core.package_identification:_identify(moveit_task_constructor/visualization) by extensions ['ignore', 'ignore_ament_install']
[0.521s] Level 1:colcon.colcon_core.package_identification:_identify(moveit_task_constructor/visualization) by extension 'ignore'
[0.521s] Level 1:colcon.colcon_core.package_identification:_identify(moveit_task_constructor/visualization) by extension 'ignore_ament_install'
[0.521s] Level 1:colcon.colcon_core.package_identification:_identify(moveit_task_constructor/visualization) by extensions ['colcon_pkg']
[0.521s] Level 1:colcon.colcon_core.package_identification:_identify(moveit_task_constructor/visualization) by extension 'colcon_pkg'
[0.521s] Level 1:colcon.colcon_core.package_identification:_identify(moveit_task_constructor/visualization) by extensions ['colcon_meta']
[0.521s] Level 1:colcon.colcon_core.package_identification:_identify(moveit_task_constructor/visualization) by extension 'colcon_meta'
[0.521s] Level 1:colcon.colcon_core.package_identification:_identify(moveit_task_constructor/visualization) by extensions ['ros']
[0.521s] Level 1:colcon.colcon_core.package_identification:_identify(moveit_task_constructor/visualization) by extension 'ros'
[0.522s] DEBUG:colcon.colcon_core.package_identification:Package 'moveit_task_constructor/visualization' with type 'ros.ament_cmake' and name 'moveit_task_constructor_visualization'
[0.522s] Level 1:colcon.colcon_core.package_identification:_identify(my_bridge) by extensions ['ignore', 'ignore_ament_install']
[0.522s] Level 1:colcon.colcon_core.package_identification:_identify(my_bridge) by extension 'ignore'
[0.522s] Level 1:colcon.colcon_core.package_identification:_identify(my_bridge) by extension 'ignore_ament_install'
[0.522s] Level 1:colcon.colcon_core.package_identification:_identify(my_bridge) by extensions ['colcon_pkg']
[0.522s] Level 1:colcon.colcon_core.package_identification:_identify(my_bridge) by extension 'colcon_pkg'
[0.522s] Level 1:colcon.colcon_core.package_identification:_identify(my_bridge) by extensions ['colcon_meta']
[0.522s] Level 1:colcon.colcon_core.package_identification:_identify(my_bridge) by extension 'colcon_meta'
[0.522s] Level 1:colcon.colcon_core.package_identification:_identify(my_bridge) by extensions ['ros']
[0.523s] Level 1:colcon.colcon_core.package_identification:_identify(my_bridge) by extension 'ros'
[0.523s] DEBUG:colcon.colcon_core.package_identification:Package 'my_bridge' with type 'ros.ament_python' and name 'my_bridge'
[0.523s] Level 1:colcon.colcon_core.package_identification:_identify(resource) by extensions ['ignore', 'ignore_ament_install']
[0.523s] Level 1:colcon.colcon_core.package_identification:_identify(resource) by extension 'ignore'
[0.523s] Level 1:colcon.colcon_core.package_identification:_identify(resource) by extension 'ignore_ament_install'
[0.523s] Level 1:colcon.colcon_core.package_identification:_identify(resource) by extensions ['colcon_pkg']
[0.523s] Level 1:colcon.colcon_core.package_identification:_identify(resource) by extension 'colcon_pkg'
[0.523s] Level 1:colcon.colcon_core.package_identification:_identify(resource) by extensions ['colcon_meta']
[0.523s] Level 1:colcon.colcon_core.package_identification:_identify(resource) by extension 'colcon_meta'
[0.523s] Level 1:colcon.colcon_core.package_identification:_identify(resource) by extensions ['ros']
[0.523s] Level 1:colcon.colcon_core.package_identification:_identify(resource) by extension 'ros'
[0.524s] Level 1:colcon.colcon_core.package_identification:_identify(resource) by extensions ['cmake', 'python']
[0.524s] Level 1:colcon.colcon_core.package_identification:_identify(resource) by extension 'cmake'
[0.524s] Level 1:colcon.colcon_core.package_identification:_identify(resource) by extension 'python'
[0.524s] Level 1:colcon.colcon_core.package_identification:_identify(resource) by extensions ['python_setup_py']
[0.524s] Level 1:colcon.colcon_core.package_identification:_identify(resource) by extension 'python_setup_py'
[0.524s] Level 1:colcon.colcon_core.package_discovery:discover_packages(recursive) using defaults
[0.524s] Level 1:colcon.colcon_core.package_discovery:discover_packages(ignore) discover
[0.524s] Level 1:colcon.colcon_core.package_discovery:discover_packages(ignore) using defaults
[0.524s] Level 1:colcon.colcon_core.package_discovery:discover_packages(path) discover
[0.524s] Level 1:colcon.colcon_core.package_discovery:discover_packages(path) using defaults
[0.547s] INFO:colcon.colcon_core.package_selection:Skipping not selected package 'arm_bridge' in 'arm_bridge'
[0.547s] INFO:colcon.colcon_core.package_selection:Skipping not selected package 'arm_hardware' in 'arm_hardware'
[0.547s] INFO:colcon.colcon_core.package_selection:Skipping not selected package 'basic_arm2_description' in 'basic_arm2_description'
[0.547s] INFO:colcon.colcon_core.package_selection:Skipping not selected package 'dummy_arm2_description' in 'dummy_arm2_description'
[0.547s] INFO:colcon.colcon_core.package_selection:Skipping not selected package 'moveit_task_constructor_msgs' in 'moveit_task_constructor/msgs'
[0.547s] INFO:colcon.colcon_core.package_selection:Skipping not selected package 'rviz_marker_tools' in 'moveit_task_constructor/rviz_marker_tools'
[0.547s] INFO:colcon.colcon_core.package_selection:Skipping not selected package 'basic_arm2_moveit_config' in 'basic_arm2_moveit_config'
[0.547s] INFO:colcon.colcon_core.package_selection:Skipping not selected package 'moveit_task_constructor_core' in 'moveit_task_constructor/core'
[0.547s] INFO:colcon.colcon_core.package_selection:Skipping not selected package 'moveit_task_constructor_capabilities' in 'moveit_task_constructor/capabilities'
[0.547s] INFO:colcon.colcon_core.package_selection:Skipping not selected package 'moveit_task_constructor_visualization' in 'moveit_task_constructor/visualization'
[0.547s] INFO:colcon.colcon_core.package_selection:Skipping not selected package 'moveit_task_constructor_demo' in 'moveit_task_constructor/demo'
[0.548s] Level 1:colcon.colcon_core.package_discovery:discover_packages(prefix_path) check parameters
[0.548s] Level 1:colcon.colcon_core.package_discovery:discover_packages(prefix_path) discover
[0.592s] DEBUG:colcon.colcon_installed_package_information.package_discovery:Found 2 installed packages in /home/manuel/ws_moveit/install
[0.593s] DEBUG:colcon.colcon_installed_package_information.package_discovery:Found 0 installed packages in /home/manuel/ws_moveit
[0.597s] DEBUG:colcon.colcon_installed_package_information.package_discovery:Found 431 installed packages in /opt/ros/jazzy
[0.598s] Level 1:colcon.colcon_core.package_discovery:discover_packages(prefix_path) using defaults
[1.065s] Level 5:colcon.colcon_core.verb:set package 'my_bridge' build argument 'cmake_args' from command line to 'None'
[1.065s] Level 5:colcon.colcon_core.verb:set package 'my_bridge' build argument 'cmake_target' from command line to 'None'
[1.065s] Level 5:colcon.colcon_core.verb:set package 'my_bridge' build argument 'cmake_target_skip_unavailable' from command line to 'False'
[1.065s] Level 5:colcon.colcon_core.verb:set package 'my_bridge' build argument 'cmake_clean_cache' from command line to 'False'
[1.065s] Level 5:colcon.colcon_core.verb:set package 'my_bridge' build argument 'cmake_clean_first' from command line to 'False'
[1.065s] Level 5:colcon.colcon_core.verb:set package 'my_bridge' build argument 'cmake_force_configure' from command line to 'False'
[1.065s] Level 5:colcon.colcon_core.verb:set package 'my_bridge' build argument 'ament_cmake_args' from command line to 'None'
[1.065s] Level 5:colcon.colcon_core.verb:set package 'my_bridge' build argument 'catkin_cmake_args' from command line to 'None'
[1.065s] Level 5:colcon.colcon_core.verb:set package 'my_bridge' build argument 'catkin_skip_building_tests' from command line to 'False'
[1.065s] DEBUG:colcon.colcon_core.verb:Building package 'my_bridge' with the following arguments: {'ament_cmake_args': None, 'build_base': '/home/manuel/ws_moveit/src/build/my_bridge', 'catkin_cmake_args': None, 'catkin_skip_building_tests': False, 'cmake_args': None, 'cmake_clean_cache': False, 'cmake_clean_first': False, 'cmake_force_configure': False, 'cmake_target': None, 'cmake_target_skip_unavailable': False, 'install_base': '/home/manuel/ws_moveit/src/install/my_bridge', 'merge_install': False, 'path': '/home/manuel/ws_moveit/src/my_bridge', 'symlink_install': False, 'test_result_base': None}
[1.066s] INFO:colcon.colcon_core.executor:Executing jobs using 'parallel' executor
[1.067s] DEBUG:colcon.colcon_parallel_executor.executor.parallel:run_until_complete
[1.067s] INFO:colcon.colcon_ros.task.ament_python.build:Building ROS package in '/home/manuel/ws_moveit/src/my_bridge' with build type 'ament_python'
[1.067s] Level 1:colcon.colcon_core.shell:create_environment_hook('my_bridge', 'ament_prefix_path')
[1.070s] INFO:colcon.colcon_core.plugin_system:Skipping extension 'colcon_core.shell.bat': Not used on non-Windows systems
[1.071s] INFO:colcon.colcon_core.shell:Creating environment hook '/home/manuel/ws_moveit/src/install/my_bridge/share/my_bridge/hook/ament_prefix_path.ps1'
[1.072s] INFO:colcon.colcon_core.shell:Creating environment descriptor '/home/manuel/ws_moveit/src/install/my_bridge/share/my_bridge/hook/ament_prefix_path.dsv'
[1.072s] INFO:colcon.colcon_core.shell:Creating environment hook '/home/manuel/ws_moveit/src/install/my_bridge/share/my_bridge/hook/ament_prefix_path.sh'
[1.073s] INFO:colcon.colcon_core.shell:Skip shell extension 'powershell' for command environment: Not usable outside of PowerShell
[1.073s] DEBUG:colcon.colcon_core.shell:Skip shell extension 'dsv' for command environment
[1.414s] INFO:colcon.colcon_core.task.python.build:Building Python package in '/home/manuel/ws_moveit/src/my_bridge'
[1.415s] INFO:colcon.colcon_core.shell:Skip shell extension 'powershell' for command environment: Not usable outside of PowerShell
[1.415s] DEBUG:colcon.colcon_core.shell:Skip shell extension 'dsv' for command environment
[2.412s] DEBUG:colcon.colcon_core.event_handler.log_command:Invoking command in '/home/manuel/ws_moveit/src/my_bridge': PYTHONPATH=/home/manuel/ws_moveit/src/build/my_bridge/prefix_override:/usr/lib/python3/dist-packages/colcon_core/task/python/colcon_distutils_commands:/home/manuel/ws_moveit/src/install/my_bridge/lib/python3.12/site-packages:${PYTHONPATH} /usr/bin/python3 -W ignore:setup.py install is deprecated -W ignore:easy_install command is deprecated setup.py egg_info --egg-base ../build/my_bridge build --build-base /home/manuel/ws_moveit/src/build/my_bridge/build install --record /home/manuel/ws_moveit/src/build/my_bridge/install.log --single-version-externally-managed install_data
[3.358s] DEBUG:colcon.colcon_core.event_handler.log_command:Invoked command in '/home/manuel/ws_moveit/src/my_bridge' returned '0': PYTHONPATH=/home/manuel/ws_moveit/src/build/my_bridge/prefix_override:/usr/lib/python3/dist-packages/colcon_core/task/python/colcon_distutils_commands:/home/manuel/ws_moveit/src/install/my_bridge/lib/python3.12/site-packages:${PYTHONPATH} /usr/bin/python3 -W ignore:setup.py install is deprecated -W ignore:easy_install command is deprecated setup.py egg_info --egg-base ../build/my_bridge build --build-base /home/manuel/ws_moveit/src/build/my_bridge/build install --record /home/manuel/ws_moveit/src/build/my_bridge/install.log --single-version-externally-managed install_data
[3.364s] Level 1:colcon.colcon_core.environment:checking '/home/manuel/ws_moveit/src/install/my_bridge' for CMake module files
[3.365s] Level 1:colcon.colcon_core.environment:checking '/home/manuel/ws_moveit/src/install/my_bridge' for CMake config files
[3.367s] Level 1:colcon.colcon_core.environment:checking '/home/manuel/ws_moveit/src/install/my_bridge/lib'
[3.367s] Level 1:colcon.colcon_core.environment:checking '/home/manuel/ws_moveit/src/install/my_bridge/bin'
[3.368s] Level 1:colcon.colcon_core.environment:checking '/home/manuel/ws_moveit/src/install/my_bridge/lib/pkgconfig/my_bridge.pc'
[3.368s] Level 1:colcon.colcon_core.environment:checking '/home/manuel/ws_moveit/src/install/my_bridge/lib/python3.12/site-packages'
[3.369s] Level 1:colcon.colcon_core.shell:create_environment_hook('my_bridge', 'pythonpath')
[3.369s] INFO:colcon.colcon_core.shell:Creating environment hook '/home/manuel/ws_moveit/src/install/my_bridge/share/my_bridge/hook/pythonpath.ps1'
[3.370s] INFO:colcon.colcon_core.shell:Creating environment descriptor '/home/manuel/ws_moveit/src/install/my_bridge/share/my_bridge/hook/pythonpath.dsv'
[3.371s] INFO:colcon.colcon_core.shell:Creating environment hook '/home/manuel/ws_moveit/src/install/my_bridge/share/my_bridge/hook/pythonpath.sh'
[3.373s] Level 1:colcon.colcon_core.environment:checking '/home/manuel/ws_moveit/src/install/my_bridge/bin'
[3.373s] Level 1:colcon.colcon_core.environment:create_environment_scripts_only(my_bridge)
[3.374s] INFO:colcon.colcon_core.shell:Creating package script '/home/manuel/ws_moveit/src/install/my_bridge/share/my_bridge/package.ps1'
[3.377s] INFO:colcon.colcon_core.shell:Creating package descriptor '/home/manuel/ws_moveit/src/install/my_bridge/share/my_bridge/package.dsv'
[3.379s] INFO:colcon.colcon_core.shell:Creating package script '/home/manuel/ws_moveit/src/install/my_bridge/share/my_bridge/package.sh'
[3.381s] INFO:colcon.colcon_core.shell:Creating package script '/home/manuel/ws_moveit/src/install/my_bridge/share/my_bridge/package.bash'
[3.383s] INFO:colcon.colcon_core.shell:Creating package script '/home/manuel/ws_moveit/src/install/my_bridge/share/my_bridge/package.zsh'
[3.385s] Level 1:colcon.colcon_core.environment:create_file_with_runtime_dependencies(/home/manuel/ws_moveit/src/install/my_bridge/share/colcon-core/packages/my_bridge)
[3.386s] DEBUG:colcon.colcon_parallel_executor.executor.parallel:closing loop
[3.387s] DEBUG:colcon.colcon_parallel_executor.executor.parallel:loop closed
[3.387s] DEBUG:colcon.colcon_parallel_executor.executor.parallel:run_until_complete finished with '0'
[3.387s] DEBUG:colcon.colcon_core.event_reactor:joining thread
[3.431s] INFO:colcon.colcon_core.plugin_system:Skipping extension 'colcon_notification.desktop_notification.terminal_notifier': Not used on non-Darwin systems
[3.431s] INFO:colcon.colcon_core.plugin_system:Skipping extension 'colcon_notification.desktop_notification.win32': Not used on non-Windows systems
[3.431s] INFO:colcon.colcon_notification.desktop_notification:Sending desktop notification using 'notify2'
[3.476s] DEBUG:colcon.colcon_core.event_reactor:joined thread
[3.477s] INFO:colcon.colcon_core.shell:Creating prefix script '/home/manuel/ws_moveit/src/install/local_setup.ps1'
[3.478s] INFO:colcon.colcon_core.shell:Creating prefix util module '/home/manuel/ws_moveit/src/install/_local_setup_util_ps1.py'
[3.480s] INFO:colcon.colcon_core.shell:Creating prefix chain script '/home/manuel/ws_moveit/src/install/setup.ps1'
[3.482s] INFO:colcon.colcon_core.shell:Creating prefix script '/home/manuel/ws_moveit/src/install/local_setup.sh'
[3.482s] INFO:colcon.colcon_core.shell:Creating prefix util module '/home/manuel/ws_moveit/src/install/_local_setup_util_sh.py'
[3.483s] INFO:colcon.colcon_core.shell:Creating prefix chain script '/home/manuel/ws_moveit/src/install/setup.sh'
[3.485s] INFO:colcon.colcon_core.shell:Creating prefix script '/home/manuel/ws_moveit/src/install/local_setup.bash'
[3.485s] INFO:colcon.colcon_core.shell:Creating prefix chain script '/home/manuel/ws_moveit/src/install/setup.bash'
[3.487s] INFO:colcon.colcon_core.shell:Creating prefix script '/home/manuel/ws_moveit/src/install/local_setup.zsh'
[3.488s] INFO:colcon.colcon_core.shell:Creating prefix chain script '/home/manuel/ws_moveit/src/install/setup.zsh'
